Build started 07/11/2012 11:32:34.
     1>Project "E:\Visual Studio Projects\CTacticsRPG\CTacticsRPG\CTacticsRPG.vcxproj" on node 2 (build target(s)).
     1>InitializeBuildStatus:
         Touching "Debug\CTacticsRPG.unsuccessfulbuild".
       ClCompile:
         C:\Program Files (x86)\Microsoft Visual Studio 10.0\VC\bin\CL.exe /c /ZI /nologo /W3 /WX- /Od /Oy- /D _MBCS /Gm /EHsc /RTC1 /MDd /GS /fp:precise /Zc:wchar_t /Zc:forScope /Fo"Debug\\" /Fd"Debug\vc100.pdb" /Gd /TP /analyze- /errorReport:prompt Camera.cpp CameraHandler.cpp EventHandler.cpp Game.cpp GameGUI.cpp GameState.cpp TexturedObject.cpp Tile.cpp TileMap.cpp main.cpp
         main.cpp
         TileMap.cpp
         Tile.cpp
     1>e:\visual studio projects\ctacticsrpg\ctacticsrpg\tile.cpp(38): warning C4244: 'argument' : conversion from 'int' to 'float', possible loss of data
         TexturedObject.cpp
         GameState.cpp
     1>e:\visual studio projects\ctacticsrpg\ctacticsrpg\gamestate.cpp(4): warning C4355: 'this' : used in base member initializer list
         GameGUI.cpp
         Game.cpp
         EventHandler.cpp
         CameraHandler.cpp
         Camera.cpp
         Generating Code...
       Link:
         C:\Program Files (x86)\Microsoft Visual Studio 10.0\VC\bin\link.exe /ERRORREPORT:PROMPT /OUT:"E:\Visual Studio Projects\CTacticsRPG\Debug\CTacticsRPG.exe" /NOLOGO SDL.lib SDLmain.lib SDL_image.lib OpenGL32.lib kernel32.lib user32.lib gdi32.lib winspool.lib comdlg32.lib advapi32.lib shell32.lib ole32.lib oleaut32.lib uuid.lib odbc32.lib odbccp32.lib /MANIFEST /ManifestFile:"Debug\CTacticsRPG.exe.intermediate.manifest" /MANIFESTUAC:"level='asInvoker' uiAccess='false'" /DEBUG /PDB:"E:\Visual Studio Projects\CTacticsRPG\Debug\CTacticsRPG.pdb" /SUBSYSTEM:WINDOWS /TLBID:1 /DYNAMICBASE /NXCOMPAT /IMPLIB:"E:\Visual Studio Projects\CTacticsRPG\Debug\CTacticsRPG.lib" /MACHINE:X86 Debug\Camera.obj
         Debug\CameraHandler.obj
         Debug\EventHandler.obj
         Debug\Game.obj
         Debug\GameGUI.obj
         Debug\GameState.obj
         Debug\GraphicsFramework.obj
         Debug\KeyboardHandler.obj
         Debug\main.obj
         Debug\MouseHandler.obj
         Debug\PrimitivesFramework.obj
         Debug\ResourceHandler.obj
         Debug\TexturedObject.obj
         Debug\Tile.obj
         Debug\TileMap.obj /NODEFAULTLIB:msvcrt.lib 
         LINK : E:\Visual Studio Projects\CTacticsRPG\Debug\CTacticsRPG.exe not found or not built by the last incremental link; performing full link
     1>Camera.obj : error LNK2019: unresolved external symbol "public: __thiscall GameObject::GameObject(class Game *)" (??0GameObject@@QAE@PAVGame@@@Z) referenced in function "public: __thiscall Camera::Camera(class Game *)" (??0Camera@@QAE@PAVGame@@@Z)
     1>TexturedObject.obj : error LNK2001: unresolved external symbol "public: __thiscall GameObject::GameObject(class Game *)" (??0GameObject@@QAE@PAVGame@@@Z)
     1>TileMap.obj : error LNK2001: unresolved external symbol "public: __thiscall GameObject::GameObject(class Game *)" (??0GameObject@@QAE@PAVGame@@@Z)
     1>E:\Visual Studio Projects\CTacticsRPG\Debug\CTacticsRPG.exe : fatal error LNK1120: 1 unresolved externals
     1>Done Building Project "E:\Visual Studio Projects\CTacticsRPG\CTacticsRPG\CTacticsRPG.vcxproj" (build target(s)) -- FAILED.

Build FAILED.

Time Elapsed 00:00:04.96
